Using pre-set license
Built from '2022.1/staging' branch; Version is '2022.1.16f1 (7321c9670bc2) revision 7545289'; Using compiler version '192829333'; Build Type 'Release'
OS: 'Windows 10  (10.0.19045) 64bit Professional' Language: 'en' Physical Memory: 8150 MB
BatchMode: 1, IsHumanControllingUs: 0, StartBugReporterOnCrash: 0, Is64bit: 1, IsPro: 1

COMMAND LINE ARGUMENTS:
C:\Program Files\Unity\Hub\Editor\2022.1.16f1\Editor\Unity.exe
-adb2
-batchMode
-noUpm
-name
AssetImportWorker22
-projectPath
Z:/Unity/Projects/3D-URP
-logFile
Logs/AssetImportWorker22.log
-srvPort
61738
Successfully changed project path to: Z:/Unity/Projects/3D-URP
Z:/Unity/Projects/3D-URP
[UnityMemory] Configuration Parameters - Can be set up in boot.config
    "memorysetup-bucket-allocator-granularity=16"
    "memorysetup-bucket-allocator-bucket-count=8"
    "memorysetup-bucket-allocator-block-size=33554432"
    "memorysetup-bucket-allocator-block-count=8"
    "memorysetup-main-allocator-block-size=16777216"
    "memorysetup-thread-allocator-block-size=16777216"
    "memorysetup-gfx-main-allocator-block-size=16777216"
    "memorysetup-gfx-thread-allocator-block-size=16777216"
    "memorysetup-cache-allocator-block-size=4194304"
    "memorysetup-typetree-allocator-block-size=2097152"
    "memorysetup-profiler-bucket-allocator-granularity=16"
    "memorysetup-profiler-bucket-allocator-bucket-count=8"
    "memorysetup-profiler-bucket-allocator-block-size=33554432"
    "memorysetup-profiler-bucket-allocator-block-count=8"
    "memorysetup-profiler-allocator-block-size=16777216"
    "memorysetup-profiler-editor-allocator-block-size=1048576"
    "memorysetup-temp-allocator-size-main=16777216"
    "memorysetup-job-temp-allocator-block-size=2097152"
    "memorysetup-job-temp-allocator-block-size-background=1048576"
    "memorysetup-job-temp-allocator-reduction-small-platforms=262144"
    "memorysetup-temp-allocator-size-background-worker=32768"
    "memorysetup-temp-allocator-size-job-worker=262144"
    "memorysetup-temp-allocator-size-preload-manager=33554432"
    "memorysetup-temp-allocator-size-nav-mesh-worker=65536"
    "memorysetup-temp-allocator-size-audio-worker=65536"
    "memorysetup-temp-allocator-size-cloud-worker=32768"
    "memorysetup-temp-allocator-size-gi-baking-worker=262144"
    "memorysetup-temp-allocator-size-gfx=262144"
Refreshing native plugins compatible for Editor in 404.87 ms, found 5 plugins.
Preloading 0 native plugins for Editor in 0.00 ms.
Initialize engine version: 2022.1.16f1 (7321c9670bc2)
[Subsystems] Discovering subsystems at path C:/Program Files/Unity/Hub/Editor/2022.1.16f1/Editor/Data/Resources/UnitySubsystems
[Subsystems] Discovering subsystems at path Z:/Unity/Projects/3D-URP/Assets
GfxDevice: creating device client; threaded=0; jobified=0
Direct3D:
    Version:  Direct3D 11.0 [level 11.0]
    Renderer: NVIDIA GeForce GT 710 (ID=0x128b)
    Vendor:   NVIDIA
    VRAM:     2007 MB
    Driver:   27.21.14.5709
Initialize mono
Mono path[0] = 'C:/Program Files/Unity/Hub/Editor/2022.1.16f1/Editor/Data/Managed'
Mono path[1] = 'C:/Program Files/Unity/Hub/Editor/2022.1.16f1/Editor/Data/MonoBleedingEdge/lib/mono/unityjit-win32'
Mono config path = 'C:/Program Files/Unity/Hub/Editor/2022.1.16f1/Editor/Data/MonoBleedingEdge/etc'
Using monoOptions --debugger-agent=transport=dt_socket,embedding=1,server=y,suspend=n,address=127.0.0.1:56712
Begin MonoManager ReloadAssembly
Registering precompiled unity dll's ...
Register platform support module: C:/Program Files/Unity/Hub/Editor/2022.1.16f1/Editor/Data/PlaybackEngines/WindowsStandaloneSupport/UnityEditor.WindowsStandalone.Extensions.dll
Registered in 0.025203 seconds.
Native extension for WindowsStandalone target not found
Refreshing native plugins compatible for Editor in 342.95 ms, found 5 plugins.
Preloading 0 native plugins for Editor in 0.00 ms.
Mono: successfully reloaded assembly
- Completed reload, in  1.620 seconds
Domain Reload Profiling:
	ReloadAssembly (1621ms)
		BeginReloadAssembly (180ms)
			ExecutionOrderSort (0ms)
			DisableScriptedObjects (0ms)
			BackupInstance (0ms)
			ReleaseScriptingObjects (0ms)
			CreateAndSetChildDomain (1ms)
		EndReloadAssembly (1178ms)
			LoadAssemblies (172ms)
			RebuildTransferFunctionScriptingTraits (0ms)
			SetupTypeCache (277ms)
				TypeCache.Initialize (276ms)
					TypeCache.ScanAssembly (273ms)
				ResolveRequiredComponents (1ms)
			ReleaseScriptCaches (0ms)
			RebuildScriptCaches (60ms)
			SetupLoadedEditorAssemblies (724ms)
				LogAssemblyErrors (0ms)
				InitializePlatformSupportModulesInManaged (20ms)
				SetLoadedEditorAssemblies (13ms)
				RefreshPlugins (343ms)
				BeforeProcessingInitializeOnLoad (2ms)
				ProcessInitializeOnLoadAttributes (254ms)
				ProcessInitializeOnLoadMethodAttributes (91ms)
				AfterProcessingInitializeOnLoad (0ms)
				EditorAssembliesLoaded (0ms)
			ExecutionOrderSort2 (0ms)
			AwakeInstancesAfterBackupRestoration (0ms)
Platform modules already initialized, skipping
Registering precompiled user dll's ...
Registered in 0.026977 seconds.
Begin MonoManager ReloadAssembly
Symbol file LoadedFromMemory doesn't match image Z:\Unity\Projects\3D-URP\Library\PackageCache\com.unity.visualscripting@1.7.8\Editor\VisualScripting.Core\Dependencies\YamlDotNet\Unity.VisualScripting.YamlDotNet.dll
Symbol file LoadedFromMemory doesn't match image Z:\Unity\Projects\3D-URP\Library\PackageCache\com.unity.visualscripting@1.7.8\Editor\VisualScripting.Core\Dependencies\DotNetZip\Unity.VisualScripting.IonicZip.dll
Native extension for WindowsStandalone target not found
Refreshing native plugins compatible for Editor in 341.08 ms, found 5 plugins.
Preloading 0 native plugins for Editor in 0.00 ms.
System.Exception: Error! Visual Scripting: couldn't find visual scripting package
  at Unity.VisualScripting.PackageVersionUtility.get_version () [0x00043] in Z:\Unity\Projects\3D-URP\Library\PackageCache\com.unity.visualscripting@1.7.8\Editor\VisualScripting.Core\Utilities\PackageVersionUtility.cs:31 
  at Unity.VisualScripting.BoltCoreManifest.get_version () [0x00000] in Z:\Unity\Projects\3D-URP\Library\PackageCache\com.unity.visualscripting@1.7.8\Editor\VisualScripting.Core\Plugin\BoltCoreManifest.cs:11 
  at Unity.VisualScripting.PluginManifest.get_currentVersion () [0x00000] in Z:\Unity\Projects\3D-URP\Library\PackageCache\com.unity.visualscripting@1.7.8\Editor\VisualScripting.Core\Plugins\PluginManifest.cs:33 
  at Unity.VisualScripting.PluginManifest.get_versionMismatch () [0x00000] in Z:\Unity\Projects\3D-URP\Library\PackageCache\com.unity.visualscripting@1.7.8\Editor\VisualScripting.Core\Plugins\PluginManifest.cs:48 
  at Unity.VisualScripting.PluginContainer.Initialize () [0x00525] in Z:\Unity\Projects\3D-URP\Library\PackageCache\com.unity.visualscripting@1.7.8\Editor\VisualScripting.Core\Plugins\PluginContainer.cs:208 
  at Unity.VisualScripting.PluginContainer.InitializeOnLoad () [0x00009] in Z:\Unity\Projects\3D-URP\Library\PackageCache\com.unity.visualscripting@1.7.8\Editor\VisualScripting.Core\Plugins\PluginContainer.cs:32 
  at Unity.VisualScripting.VSUsageUtility.DoInitializeOnLoadCalls () [0x00034] in Z:\Unity\Projects\3D-URP\Library\PackageCache\com.unity.visualscripting@1.7.8\Editor\VisualScripting.Core\Utilities\VSUsageUtility.cs:76 
  at Unity.VisualScripting.VSUsageUtility.set_isVisualScriptingUsed (System.Boolean value) [0x0002c] in Z:\Unity\Projects\3D-URP\Library\PackageCache\com.unity.visualscripting@1.7.8\Editor\VisualScripting.Core\Utilities\VSUsageUtility.cs:114 
  at Unity.VisualScripting.VSUsageUtility.CheckAndSetIsVisualScriptingUsed () [0x00032] in Z:\Unity\Projects\3D-URP\Library\PackageCache\com.unity.visualscripting@1.7.8\Editor\VisualScripting.Core\Utilities\VSUsageUtility.cs:48 
  at Unity.VisualScripting.VSUsageUtility..cctor () [0x00000] in Z:\Unity\Projects\3D-URP\Library\PackageCache\com.unity.visualscripting@1.7.8\Editor\VisualScripting.Core\Utilities\VSUsageUtility.cs:22 
UnityEngine.StackTraceUtility:ExtractStackTrace ()
UnityEngine.DebugLogHandler:LogFormat (UnityEngine.LogType,UnityEngine.Object,string,object[])
UnityEngine.Logger:Log (UnityEngine.LogType,object)
UnityEngine.Debug:LogError (object)
UnityEditor.EditorAssemblies:ProcessInitializeOnLoadAttributes (System.Type[])

Mono: successfully reloaded assembly
- Completed reload, in 20.757 seconds
Domain Reload Profiling:
	ReloadAssembly (20759ms)
		BeginReloadAssembly (255ms)
			ExecutionOrderSort (0ms)
			DisableScriptedObjects (10ms)
			BackupInstance (0ms)
			ReleaseScriptingObjects (0ms)
			CreateAndSetChildDomain (38ms)
		EndReloadAssembly (20203ms)
			LoadAssemblies (259ms)
			RebuildTransferFunctionScriptingTraits (0ms)
			SetupTypeCache (995ms)
				TypeCache.Initialize (958ms)
					TypeCache.ScanAssembly (945ms)
				ResolveRequiredComponents (37ms)
			ReleaseScriptCaches (2ms)
			RebuildScriptCaches (196ms)
			SetupLoadedEditorAssemblies (18616ms)
				LogAssemblyErrors (0ms)
				InitializePlatformSupportModulesInManaged (11ms)
				SetLoadedEditorAssemblies (12ms)
				RefreshPlugins (341ms)
				BeforeProcessingInitializeOnLoad (268ms)
				ProcessInitializeOnLoadAttributes (14366ms)
				ProcessInitializeOnLoadMethodAttributes (3589ms)
				AfterProcessingInitializeOnLoad (28ms)
				EditorAssembliesLoaded (1ms)
			ExecutionOrderSort2 (0ms)
			AwakeInstancesAfterBackupRestoration (15ms)
Platform modules already initialized, skipping
========================================================================
Worker process is ready to serve import requests
Launched and connected shader compiler UnityShaderCompiler.exe after 0.74 seconds
Refreshing native plugins compatible for Editor in 3.00 ms, found 5 plugins.
Preloading 0 native plugins for Editor in 0.00 ms.
Unloading 6939 Unused Serialized files (Serialized files now loaded: 0)
Unloading 74 unused Assets / (2.0 MB). Loaded Objects now: 7432.
Memory consumption went from 1.19 GB to 1.19 GB.
Total: 33.151300 ms (FindLiveObjects: 0.849800 ms CreateObjectMapping: 1.033900 ms MarkObjects: 29.805800 ms  DeleteObjects: 1.459700 ms)

AssetImportParameters requested are different than current active one (requested -> active):
  custom:video-decoder-ogg-theora: a1e56fd34408186e4bbccfd4996cb3dc -> 
  custom:container-muxer-webm: aa71ff27fc2769a1b78a27578f13a17b -> 
  custom:container-demuxer-webm: 4f35f7cbe854078d1ac9338744f61a02 -> 
  custom:video-encoder-webm-vp8: eb34c28f22e8b96e1ab97ce403110664 -> 
  custom:audio-encoder-webm-vorbis: bf7c407c2cedff20999df2af8eb42d56 -> 
  custom:framework-win-MediaFoundation: 216162199b28c13a410421893ffa2e32 -> 
  custom:container-demuxer-ogg: 62fdf1f143b41e24485cea50d1cbac27 -> 
  custom:video-decoder-webm-vp8: 9c59270c3fd7afecdb556c50c9e8de78 -> 
  custom:audio-decoder-ogg-vorbis: bf7c407c2cedff20999df2af8eb42d56 -> 
========================================================================
Received Import Request.
  Time since last request: 212070.157337 seconds.
  path: Assets/Models/Weapons/Winchester/Materials
  artifactKey: Guid(008d591743f54c64ab08195a243ee6ec) Importer(815301076,1909f56bfc062723c751e8b465ee728b)
Start importing Assets/Models/Weapons/Winchester/Materials using Guid(008d591743f54c64ab08195a243ee6ec) Importer(815301076,1909f56bfc062723c751e8b465ee728b)  -> (artifact id: '332ada1727efa4107d54940b1b4bc5dd') in 0.043552 seconds 
========================================================================
Received Import Request.
  Time since last request: 2315.045461 seconds.
  path: Assets/Models/large/bull.fbx
  artifactKey: Guid(194aa389a1454b64ba2249ce9e4bde33) Importer(815301076,1909f56bfc062723c751e8b465ee728b)
Start importing Assets/Models/large/bull.fbx using Guid(194aa389a1454b64ba2249ce9e4bde33) Importer(815301076,1909f56bfc062723c751e8b465ee728b)  -> (artifact id: '6ea9c2ec46eba04d94b790ac3677b7c4') in 2.622330 seconds 
========================================================================
Received Import Request.
  Time since last request: 10.095987 seconds.
  path: Assets/Models/large/bull.fbx
  artifactKey: Guid(194aa389a1454b64ba2249ce9e4bde33) Importer(815301076,1909f56bfc062723c751e8b465ee728b)
Start importing Assets/Models/large/bull.fbx using Guid(194aa389a1454b64ba2249ce9e4bde33) Importer(815301076,1909f56bfc062723c751e8b465ee728b)  -> (artifact id: '72d58e255a400262151a91ededb9ac6e') in 0.858774 seconds 
========================================================================
Received Import Request.
  Time since last request: 152.884709 seconds.
  path: Assets/Models/large/bull.fbx
  artifactKey: Guid(194aa389a1454b64ba2249ce9e4bde33) Importer(815301076,1909f56bfc062723c751e8b465ee728b)
Start importing Assets/Models/large/bull.fbx using Guid(194aa389a1454b64ba2249ce9e4bde33) Importer(815301076,1909f56bfc062723c751e8b465ee728b)  -> (artifact id: '12e3d4195b4db3d013efa2e98d17f6cd') in 0.849207 seconds 
========================================================================
Received Import Request.
  Time since last request: 7.116761 seconds.
  path: Assets/Models/large/bull.fbx
  artifactKey: Guid(194aa389a1454b64ba2249ce9e4bde33) Importer(815301076,1909f56bfc062723c751e8b465ee728b)
Start importing Assets/Models/large/bull.fbx using Guid(194aa389a1454b64ba2249ce9e4bde33) Importer(815301076,1909f56bfc062723c751e8b465ee728b)  -> (artifact id: 'baaa49b7b749ef48d2b1ce6f38dec625') in 0.837889 seconds 
========================================================================
Received Import Request.
  Time since last request: 951.959824 seconds.
  path: Assets/Models/large/merge.obj
  artifactKey: Guid(0543277513300c445adb1fce7227a473) Importer(815301076,1909f56bfc062723c751e8b465ee728b)
Start importing Assets/Models/large/merge.obj using Guid(0543277513300c445adb1fce7227a473) Importer(815301076,1909f56bfc062723c751e8b465ee728b)  -> (artifact id: '7c54ca3d9228339eba913157dd891185') in 1.411473 seconds 
========================================================================
Received Import Request.
  Time since last request: 12.483433 seconds.
  path: Assets/Models/large/merge.obj
  artifactKey: Guid(0543277513300c445adb1fce7227a473) Importer(815301076,1909f56bfc062723c751e8b465ee728b)
Start importing Assets/Models/large/merge.obj using Guid(0543277513300c445adb1fce7227a473) Importer(815301076,1909f56bfc062723c751e8b465ee728b)  -> (artifact id: 'bfedd1ea3b65bc4416c4a81bd1268c8f') in 0.979922 seconds 
========================================================================
Received Import Request.
  Time since last request: 2.214210 seconds.
  path: Assets/Models/large/bull.fbm
  artifactKey: Guid(2cf165c606e58354caf3dd1c0831c0fd) Importer(815301076,1909f56bfc062723c751e8b465ee728b)
Start importing Assets/Models/large/bull.fbm using Guid(2cf165c606e58354caf3dd1c0831c0fd) Importer(815301076,1909f56bfc062723c751e8b465ee728b)  -> (artifact id: 'e93f48ace33e30579b8622d6fde23719') in 0.022434 seconds 
========================================================================
Received Import Request.
  Time since last request: 299.309905 seconds.
  path: Assets/Models/large/merge.obj
  artifactKey: Guid(0543277513300c445adb1fce7227a473) Importer(815301076,1909f56bfc062723c751e8b465ee728b)
Start importing Assets/Models/large/merge.obj using Guid(0543277513300c445adb1fce7227a473) Importer(815301076,1909f56bfc062723c751e8b465ee728b)  -> (artifact id: '578d61e635d7e23fa8457d65cc647824') in 1.108272 seconds 
========================================================================
Received Import Request.
  Time since last request: 73.483375 seconds.
  path: Assets/Models/large/Pro Melee Axe Pack
  artifactKey: Guid(d17af10ad34bcb749a62daad73203e23) Importer(815301076,1909f56bfc062723c751e8b465ee728b)
Start importing Assets/Models/large/Pro Melee Axe Pack using Guid(d17af10ad34bcb749a62daad73203e23) Importer(815301076,1909f56bfc062723c751e8b465ee728b)  -> (artifact id: 'bde3ebb73474af8cac1b79bda58f0d9b') in 0.073034 seconds 
========================================================================
Received Import Request.
  Time since last request: 0.864852 seconds.
  path: Assets/Models/large/Pro Melee Axe Pack/crouch to standing idle.fbx
  artifactKey: Guid(692e44d215d94a24fb551a5be5e0d59f) Importer(815301076,1909f56bfc062723c751e8b465ee728b)
Start importing Assets/Models/large/Pro Melee Axe Pack/crouch to standing idle.fbx using Guid(692e44d215d94a24fb551a5be5e0d59f) Importer(815301076,1909f56bfc062723c751e8b465ee728b)  -> (artifact id: '50e4bfd336e24f13188c2b8935af1cc4') in 0.072130 seconds 
========================================================================
Received Import Request.
  Time since last request: 23.305306 seconds.
  path: Assets/Models/large/merge.obj
  artifactKey: Guid(0543277513300c445adb1fce7227a473) Importer(815301076,1909f56bfc062723c751e8b465ee728b)
Start importing Assets/Models/large/merge.obj using Guid(0543277513300c445adb1fce7227a473) Importer(815301076,1909f56bfc062723c751e8b465ee728b)  -> (artifact id: '222c426afb28edd798663d4367be89b4') in 0.937323 seconds 
========================================================================
Received Import Request.
  Time since last request: 28.882318 seconds.
  path: Assets/Models/large/merge.obj
  artifactKey: Guid(0543277513300c445adb1fce7227a473) Importer(815301076,1909f56bfc062723c751e8b465ee728b)
Start importing Assets/Models/large/merge.obj using Guid(0543277513300c445adb1fce7227a473) Importer(815301076,1909f56bfc062723c751e8b465ee728b)  -> (artifact id: '9101c771787146612e1337959994307c') in 0.929958 seconds 
========================================================================
Received Import Request.
  Time since last request: 3.661287 seconds.
  path: Assets/Models/large/Pro Melee Axe Pack/standing disarm over shoulder.fbx
  artifactKey: Guid(7c0a48c2f76f93e4d97e30715d3c495b) Importer(815301076,1909f56bfc062723c751e8b465ee728b)
Start importing Assets/Models/large/Pro Melee Axe Pack/standing disarm over shoulder.fbx using Guid(7c0a48c2f76f93e4d97e30715d3c495b) Importer(815301076,1909f56bfc062723c751e8b465ee728b)  -> (artifact id: '6b47d77a3ec0dcc552d5bb83a7030ff4') in 0.041309 seconds 
========================================================================
Received Import Request.
  Time since last request: 18.627821 seconds.
  path: Assets/EffectExamples/Misc Effects/Models/Ellen.fbx
  artifactKey: Guid(b1d76b05add46f44292ade654065b4c7) Importer(815301076,1909f56bfc062723c751e8b465ee728b)
Start importing Assets/EffectExamples/Misc Effects/Models/Ellen.fbx using Guid(b1d76b05add46f44292ade654065b4c7) Importer(815301076,1909f56bfc062723c751e8b465ee728b)  -> (artifact id: '9dccbc7f030b1463ede322e3f3b3e54e') in 0.190954 seconds 
========================================================================
Received Import Request.
  Time since last request: 0.000051 seconds.
  path: Assets/Witch_Hag_Animations/Art/Animations/T_pose.fbx
  artifactKey: Guid(46a00803fb76a3e46bf2038e0899bf52) Importer(815301076,1909f56bfc062723c751e8b465ee728b)
Start importing Assets/Witch_Hag_Animations/Art/Animations/T_pose.fbx using Guid(46a00803fb76a3e46bf2038e0899bf52) Importer(815301076,1909f56bfc062723c751e8b465ee728b)  -> (artifact id: '7da3af7bad9519da24f45f7d5ff68eb5') in 0.070112 seconds 
========================================================================
Received Import Request.
  Time since last request: 10.665374 seconds.
  path: Assets/Models/large/Mutant Jumping.fbx
  artifactKey: Guid(d7af8c3f37fe27e46b22c7b9bd9dd6dd) Importer(815301076,1909f56bfc062723c751e8b465ee728b)
Start importing Assets/Models/large/Mutant Jumping.fbx using Guid(d7af8c3f37fe27e46b22c7b9bd9dd6dd) Importer(815301076,1909f56bfc062723c751e8b465ee728b)  -> (artifact id: '359d52e9c14c254f1194f32695fdece9') in 0.068781 seconds 
========================================================================
Received Import Request.
  Time since last request: 2.177698 seconds.
  path: Assets/Models/large/Mutant Punch.fbx
  artifactKey: Guid(45a5d1151f4eb954896db0bc2811cefe) Importer(815301076,1909f56bfc062723c751e8b465ee728b)
Start importing Assets/Models/large/Mutant Punch.fbx using Guid(45a5d1151f4eb954896db0bc2811cefe) Importer(815301076,1909f56bfc062723c751e8b465ee728b)  -> (artifact id: 'c63e6cd5c1a38a030cb6b6ed88f48b30') in 0.079861 seconds 
========================================================================
Received Import Request.
  Time since last request: 32.292597 seconds.
  path: Assets/Models/large/untitled@Mutant Idle.fbx
  artifactKey: Guid(160c360975cd1e34fb08b46fa63fc8f8) Importer(815301076,1909f56bfc062723c751e8b465ee728b)
Start importing Assets/Models/large/untitled@Mutant Idle.fbx using Guid(160c360975cd1e34fb08b46fa63fc8f8) Importer(815301076,1909f56bfc062723c751e8b465ee728b)  -> (artifact id: '125baa03b2ae82ef79711292dc530e84') in 0.077017 seconds 
========================================================================
Received Import Request.
  Time since last request: 4.794067 seconds.
  path: Assets/Models/large/Mutant Walking.fbx
  artifactKey: Guid(ecad34d84b52ed24681d56465a75c4e3) Importer(815301076,1909f56bfc062723c751e8b465ee728b)
Start importing Assets/Models/large/Mutant Walking.fbx using Guid(ecad34d84b52ed24681d56465a75c4e3) Importer(815301076,1909f56bfc062723c751e8b465ee728b)  -> (artifact id: '7aef09ce59511b9a53ba567167c1f42f') in 0.049099 seconds 
========================================================================
Received Import Request.
  Time since last request: 36.170403 seconds.
  path: Assets/Models/large/merge@Unarmed Walk Forward.fbx
  artifactKey: Guid(fd0a2051c764a9f4383a6d777bdb99b7) Importer(815301076,1909f56bfc062723c751e8b465ee728b)
Start importing Assets/Models/large/merge@Unarmed Walk Forward.fbx using Guid(fd0a2051c764a9f4383a6d777bdb99b7) Importer(815301076,1909f56bfc062723c751e8b465ee728b)  -> (artifact id: '425f0e20cf85f7af10e9eb8780d42c89') in 1.693336 seconds 
========================================================================
Received Import Request.
  Time since last request: 3.396185 seconds.
  path: Assets/Models/large/merge@Unarmed Walk Forward.fbx
  artifactKey: Guid(fd0a2051c764a9f4383a6d777bdb99b7) Importer(815301076,1909f56bfc062723c751e8b465ee728b)
Start importing Assets/Models/large/merge@Unarmed Walk Forward.fbx using Guid(fd0a2051c764a9f4383a6d777bdb99b7) Importer(815301076,1909f56bfc062723c751e8b465ee728b)  -> (artifact id: '15793a8c2b1ec1fd6faf9a53d51dbfba') in 1.672710 seconds 
========================================================================
Received Import Request.
  Time since last request: 0.613882 seconds.
  path: Assets/Models/large/merge.obj
  artifactKey: Guid(0543277513300c445adb1fce7227a473) Importer(815301076,1909f56bfc062723c751e8b465ee728b)
Start importing Assets/Models/large/merge.obj using Guid(0543277513300c445adb1fce7227a473) Importer(815301076,1909f56bfc062723c751e8b465ee728b)  -> (artifact id: '91a96ff5dc0aaa3014837730a656cbae') in 0.912136 seconds 
========================================================================
Received Import Request.
  Time since last request: 7.820826 seconds.
  path: Assets/Models/large/merge.obj
  artifactKey: Guid(0543277513300c445adb1fce7227a473) Importer(815301076,1909f56bfc062723c751e8b465ee728b)
Start importing Assets/Models/large/merge.obj using Guid(0543277513300c445adb1fce7227a473) Importer(815301076,1909f56bfc062723c751e8b465ee728b)  -> (artifact id: '775fe7b14109ad84e164ff2f389ce98c') in 0.934893 seconds 
========================================================================
Received Import Request.
  Time since last request: 25.134511 seconds.
  path: Assets/Models/large/Mutant Jumping.fbx
  artifactKey: Guid(d7af8c3f37fe27e46b22c7b9bd9dd6dd) Importer(815301076,1909f56bfc062723c751e8b465ee728b)
Start importing Assets/Models/large/Mutant Jumping.fbx using Guid(d7af8c3f37fe27e46b22c7b9bd9dd6dd) Importer(815301076,1909f56bfc062723c751e8b465ee728b)  -> (artifact id: 'e08b67d919700870a3030814abcdea1c') in 0.033786 seconds 
========================================================================
Received Import Request.
  Time since last request: 1.303739 seconds.
  path: Assets/Models/large/Mutant Run.fbx
  artifactKey: Guid(0e2f0e6af74261241bcba8d1f743f9c6) Importer(815301076,1909f56bfc062723c751e8b465ee728b)
Start importing Assets/Models/large/Mutant Run.fbx using Guid(0e2f0e6af74261241bcba8d1f743f9c6) Importer(815301076,1909f56bfc062723c751e8b465ee728b)  -> (artifact id: '96dbb5c50f214252862a1daa7188e818') in 0.058629 seconds 
========================================================================
Received Import Request.
  Time since last request: 8.237260 seconds.
  path: Assets/Models/large/merge@Unarmed Walk Forward.fbx
  artifactKey: Guid(fd0a2051c764a9f4383a6d777bdb99b7) Importer(815301076,1909f56bfc062723c751e8b465ee728b)
Start importing Assets/Models/large/merge@Unarmed Walk Forward.fbx using Guid(fd0a2051c764a9f4383a6d777bdb99b7) Importer(815301076,1909f56bfc062723c751e8b465ee728b)  -> (artifact id: '6a7556cbc9321aca4cbf351d3383a7c2') in 1.662867 seconds 
========================================================================
Received Import Request.
  Time since last request: 23.355511 seconds.
  path: Assets/Models/large/merge@Unarmed Walk Forward.fbx
  artifactKey: Guid(fd0a2051c764a9f4383a6d777bdb99b7) Importer(815301076,1909f56bfc062723c751e8b465ee728b)
Start importing Assets/Models/large/merge@Unarmed Walk Forward.fbx using Guid(fd0a2051c764a9f4383a6d777bdb99b7) Importer(815301076,1909f56bfc062723c751e8b465ee728b)  -> (artifact id: 'de93900c4700d6ced96182a23f94c244') in 2.360303 seconds 
