Using pre-set license
Built from '2022.1/staging' branch; Version is '2022.1.16f1 (7321c9670bc2) revision 7545289'; Using compiler version '192829333'; Build Type 'Release'
OS: 'Windows 10  (10.0.19045) 64bit Professional' Language: 'en' Physical Memory: 8150 MB
BatchMode: 1, IsHumanControllingUs: 0, StartBugReporterOnCrash: 0, Is64bit: 1, IsPro: 1

COMMAND LINE ARGUMENTS:
C:\Program Files\Unity\Hub\Editor\2022.1.16f1\Editor\Unity.exe
-adb2
-batchMode
-noUpm
-name
AssetImportWorker59
-projectPath
Z:/Unity/Projects/3D-URP
-logFile
Logs/AssetImportWorker59.log
-srvPort
59611
Successfully changed project path to: Z:/Unity/Projects/3D-URP
Z:/Unity/Projects/3D-URP
[UnityMemory] Configuration Parameters - Can be set up in boot.config
    "memorysetup-bucket-allocator-granularity=16"
    "memorysetup-bucket-allocator-bucket-count=8"
    "memorysetup-bucket-allocator-block-size=33554432"
    "memorysetup-bucket-allocator-block-count=8"
    "memorysetup-main-allocator-block-size=16777216"
    "memorysetup-thread-allocator-block-size=16777216"
    "memorysetup-gfx-main-allocator-block-size=16777216"
    "memorysetup-gfx-thread-allocator-block-size=16777216"
    "memorysetup-cache-allocator-block-size=4194304"
    "memorysetup-typetree-allocator-block-size=2097152"
    "memorysetup-profiler-bucket-allocator-granularity=16"
    "memorysetup-profiler-bucket-allocator-bucket-count=8"
    "memorysetup-profiler-bucket-allocator-block-size=33554432"
    "memorysetup-profiler-bucket-allocator-block-count=8"
    "memorysetup-profiler-allocator-block-size=16777216"
    "memorysetup-profiler-editor-allocator-block-size=1048576"
    "memorysetup-temp-allocator-size-main=16777216"
    "memorysetup-job-temp-allocator-block-size=2097152"
    "memorysetup-job-temp-allocator-block-size-background=1048576"
    "memorysetup-job-temp-allocator-reduction-small-platforms=262144"
    "memorysetup-temp-allocator-size-background-worker=32768"
    "memorysetup-temp-allocator-size-job-worker=262144"
    "memorysetup-temp-allocator-size-preload-manager=33554432"
    "memorysetup-temp-allocator-size-nav-mesh-worker=65536"
    "memorysetup-temp-allocator-size-audio-worker=65536"
    "memorysetup-temp-allocator-size-cloud-worker=32768"
    "memorysetup-temp-allocator-size-gi-baking-worker=262144"
    "memorysetup-temp-allocator-size-gfx=262144"
Refreshing native plugins compatible for Editor in 468.91 ms, found 5 plugins.
Preloading 0 native plugins for Editor in 0.00 ms.
Initialize engine version: 2022.1.16f1 (7321c9670bc2)
[Subsystems] Discovering subsystems at path C:/Program Files/Unity/Hub/Editor/2022.1.16f1/Editor/Data/Resources/UnitySubsystems
[Subsystems] Discovering subsystems at path Z:/Unity/Projects/3D-URP/Assets
GfxDevice: creating device client; threaded=0; jobified=0
Direct3D:
    Version:  Direct3D 11.0 [level 11.0]
    Renderer: NVIDIA GeForce GT 710 (ID=0x128b)
    Vendor:   NVIDIA
    VRAM:     2007 MB
    Driver:   27.21.14.5709
Initialize mono
Mono path[0] = 'C:/Program Files/Unity/Hub/Editor/2022.1.16f1/Editor/Data/Managed'
Mono path[1] = 'C:/Program Files/Unity/Hub/Editor/2022.1.16f1/Editor/Data/MonoBleedingEdge/lib/mono/unityjit-win32'
Mono config path = 'C:/Program Files/Unity/Hub/Editor/2022.1.16f1/Editor/Data/MonoBleedingEdge/etc'
Using monoOptions --debugger-agent=transport=dt_socket,embedding=1,server=y,suspend=n,address=127.0.0.1:56204
Begin MonoManager ReloadAssembly
Registering precompiled unity dll's ...
Register platform support module: C:/Program Files/Unity/Hub/Editor/2022.1.16f1/Editor/Data/PlaybackEngines/WindowsStandaloneSupport/UnityEditor.WindowsStandalone.Extensions.dll
Registered in 0.028957 seconds.
Native extension for WindowsStandalone target not found
Refreshing native plugins compatible for Editor in 421.25 ms, found 5 plugins.
Preloading 0 native plugins for Editor in 0.00 ms.
Mono: successfully reloaded assembly
- Completed reload, in  2.184 seconds
Domain Reload Profiling:
	ReloadAssembly (2185ms)
		BeginReloadAssembly (264ms)
			ExecutionOrderSort (0ms)
			DisableScriptedObjects (0ms)
			BackupInstance (0ms)
			ReleaseScriptingObjects (0ms)
			CreateAndSetChildDomain (2ms)
		EndReloadAssembly (1576ms)
			LoadAssemblies (256ms)
			RebuildTransferFunctionScriptingTraits (0ms)
			SetupTypeCache (357ms)
				TypeCache.Initialize (356ms)
					TypeCache.ScanAssembly (352ms)
				ResolveRequiredComponents (1ms)
			ReleaseScriptCaches (0ms)
			RebuildScriptCaches (79ms)
			SetupLoadedEditorAssemblies (986ms)
				LogAssemblyErrors (0ms)
				InitializePlatformSupportModulesInManaged (22ms)
				SetLoadedEditorAssemblies (15ms)
				RefreshPlugins (422ms)
				BeforeProcessingInitializeOnLoad (3ms)
				ProcessInitializeOnLoadAttributes (406ms)
				ProcessInitializeOnLoadMethodAttributes (118ms)
				AfterProcessingInitializeOnLoad (0ms)
				EditorAssembliesLoaded (0ms)
			ExecutionOrderSort2 (0ms)
			AwakeInstancesAfterBackupRestoration (0ms)
Platform modules already initialized, skipping
Registering precompiled user dll's ...
Registered in 0.033000 seconds.
Begin MonoManager ReloadAssembly
Symbol file LoadedFromMemory doesn't match image Z:\Unity\Projects\3D-URP\Library\PackageCache\com.unity.visualscripting@1.7.8\Editor\VisualScripting.Core\Dependencies\YamlDotNet\Unity.VisualScripting.YamlDotNet.dll
Symbol file LoadedFromMemory doesn't match image Z:\Unity\Projects\3D-URP\Library\PackageCache\com.unity.visualscripting@1.7.8\Editor\VisualScripting.Core\Dependencies\DotNetZip\Unity.VisualScripting.IonicZip.dll
Native extension for WindowsStandalone target not found
Refreshing native plugins compatible for Editor in 382.43 ms, found 5 plugins.
Preloading 0 native plugins for Editor in 0.00 ms.
System.Exception: Error! Visual Scripting: couldn't find visual scripting package
  at Unity.VisualScripting.PackageVersionUtility.get_version () [0x00043] in Z:\Unity\Projects\3D-URP\Library\PackageCache\com.unity.visualscripting@1.7.8\Editor\VisualScripting.Core\Utilities\PackageVersionUtility.cs:31 
  at Unity.VisualScripting.BoltCoreManifest.get_version () [0x00000] in Z:\Unity\Projects\3D-URP\Library\PackageCache\com.unity.visualscripting@1.7.8\Editor\VisualScripting.Core\Plugin\BoltCoreManifest.cs:11 
  at Unity.VisualScripting.PluginManifest.get_currentVersion () [0x00000] in Z:\Unity\Projects\3D-URP\Library\PackageCache\com.unity.visualscripting@1.7.8\Editor\VisualScripting.Core\Plugins\PluginManifest.cs:33 
  at Unity.VisualScripting.PluginManifest.get_versionMismatch () [0x00000] in Z:\Unity\Projects\3D-URP\Library\PackageCache\com.unity.visualscripting@1.7.8\Editor\VisualScripting.Core\Plugins\PluginManifest.cs:48 
  at Unity.VisualScripting.PluginContainer.Initialize () [0x00525] in Z:\Unity\Projects\3D-URP\Library\PackageCache\com.unity.visualscripting@1.7.8\Editor\VisualScripting.Core\Plugins\PluginContainer.cs:208 
  at Unity.VisualScripting.PluginContainer.InitializeOnLoad () [0x00009] in Z:\Unity\Projects\3D-URP\Library\PackageCache\com.unity.visualscripting@1.7.8\Editor\VisualScripting.Core\Plugins\PluginContainer.cs:32 
  at Unity.VisualScripting.VSUsageUtility.DoInitializeOnLoadCalls () [0x00034] in Z:\Unity\Projects\3D-URP\Library\PackageCache\com.unity.visualscripting@1.7.8\Editor\VisualScripting.Core\Utilities\VSUsageUtility.cs:76 
  at Unity.VisualScripting.VSUsageUtility.set_isVisualScriptingUsed (System.Boolean value) [0x0002c] in Z:\Unity\Projects\3D-URP\Library\PackageCache\com.unity.visualscripting@1.7.8\Editor\VisualScripting.Core\Utilities\VSUsageUtility.cs:114 
  at Unity.VisualScripting.VSUsageUtility.CheckAndSetIsVisualScriptingUsed () [0x00032] in Z:\Unity\Projects\3D-URP\Library\PackageCache\com.unity.visualscripting@1.7.8\Editor\VisualScripting.Core\Utilities\VSUsageUtility.cs:48 
  at Unity.VisualScripting.VSUsageUtility..cctor () [0x00000] in Z:\Unity\Projects\3D-URP\Library\PackageCache\com.unity.visualscripting@1.7.8\Editor\VisualScripting.Core\Utilities\VSUsageUtility.cs:22 
UnityEngine.StackTraceUtility:ExtractStackTrace ()
UnityEngine.DebugLogHandler:LogFormat (UnityEngine.LogType,UnityEngine.Object,string,object[])
UnityEngine.Logger:Log (UnityEngine.LogType,object)
UnityEngine.Debug:LogError (object)
UnityEditor.EditorAssemblies:ProcessInitializeOnLoadAttributes (System.Type[])

Mono: successfully reloaded assembly
- Completed reload, in 16.249 seconds
Domain Reload Profiling:
	ReloadAssembly (16251ms)
		BeginReloadAssembly (288ms)
			ExecutionOrderSort (0ms)
			DisableScriptedObjects (13ms)
			BackupInstance (0ms)
			ReleaseScriptingObjects (0ms)
			CreateAndSetChildDomain (42ms)
		EndReloadAssembly (15499ms)
			LoadAssemblies (340ms)
			RebuildTransferFunctionScriptingTraits (0ms)
			SetupTypeCache (1252ms)
				TypeCache.Initialize (1202ms)
					TypeCache.ScanAssembly (1186ms)
				ResolveRequiredComponents (50ms)
			ReleaseScriptCaches (2ms)
			RebuildScriptCaches (248ms)
			SetupLoadedEditorAssemblies (13504ms)
				LogAssemblyErrors (0ms)
				InitializePlatformSupportModulesInManaged (15ms)
				SetLoadedEditorAssemblies (16ms)
				RefreshPlugins (383ms)
				BeforeProcessingInitializeOnLoad (294ms)
				ProcessInitializeOnLoadAttributes (12499ms)
				ProcessInitializeOnLoadMethodAttributes (264ms)
				AfterProcessingInitializeOnLoad (32ms)
				EditorAssembliesLoaded (1ms)
			ExecutionOrderSort2 (0ms)
			AwakeInstancesAfterBackupRestoration (14ms)
Platform modules already initialized, skipping
========================================================================
Worker process is ready to serve import requests
Launched and connected shader compiler UnityShaderCompiler.exe after 0.30 seconds
Refreshing native plugins compatible for Editor in 3.34 ms, found 5 plugins.
Preloading 0 native plugins for Editor in 0.00 ms.
Unloading 6939 Unused Serialized files (Serialized files now loaded: 0)
Unloading 74 unused Assets / (2.0 MB). Loaded Objects now: 7432.
Memory consumption went from 1.19 GB to 1.19 GB.
Total: 43.226800 ms (FindLiveObjects: 0.824600 ms CreateObjectMapping: 0.982200 ms MarkObjects: 39.640800 ms  DeleteObjects: 1.777300 ms)

AssetImportParameters requested are different than current active one (requested -> active):
  custom:video-decoder-ogg-theora: a1e56fd34408186e4bbccfd4996cb3dc -> 
  custom:container-muxer-webm: aa71ff27fc2769a1b78a27578f13a17b -> 
  custom:container-demuxer-webm: 4f35f7cbe854078d1ac9338744f61a02 -> 
  custom:video-encoder-webm-vp8: eb34c28f22e8b96e1ab97ce403110664 -> 
  custom:audio-encoder-webm-vorbis: bf7c407c2cedff20999df2af8eb42d56 -> 
  custom:framework-win-MediaFoundation: 216162199b28c13a410421893ffa2e32 -> 
  custom:container-demuxer-ogg: 62fdf1f143b41e24485cea50d1cbac27 -> 
  custom:video-decoder-webm-vp8: 9c59270c3fd7afecdb556c50c9e8de78 -> 
  custom:audio-decoder-ogg-vorbis: bf7c407c2cedff20999df2af8eb42d56 -> 
========================================================================
Received Import Request.
  Time since last request: 1461698.275038 seconds.
  path: ProjectSettings/TagManager.asset
  artifactKey: Guid(00000000000000003000000000000000) Importer(815301076,1909f56bfc062723c751e8b465ee728b)
Start importing ProjectSettings/TagManager.asset using Guid(00000000000000003000000000000000) Importer(815301076,1909f56bfc062723c751e8b465ee728b)  -> (artifact id: 'b0bb0fbe539c40922391bc61ffa79692') in 0.449432 seconds 
========================================================================
Received Import Request.
  Time since last request: 6.308771 seconds.
  path: Assets/Models/Shmack
  artifactKey: Guid(f95e2390cdeb1204d91de2dd9ace2a99) Importer(815301076,1909f56bfc062723c751e8b465ee728b)
Start importing Assets/Models/Shmack using Guid(f95e2390cdeb1204d91de2dd9ace2a99) Importer(815301076,1909f56bfc062723c751e8b465ee728b)  -> (artifact id: '249048abddb9724b04ae481eabe23031') in 0.054000 seconds 
========================================================================
Received Import Request.
  Time since last request: 25.891410 seconds.
  path: Assets/Models/large
  artifactKey: Guid(893b905fe062d4646b8d1bac2fa8b2a2) Importer(815301076,1909f56bfc062723c751e8b465ee728b)
Start importing Assets/Models/large using Guid(893b905fe062d4646b8d1bac2fa8b2a2) Importer(815301076,1909f56bfc062723c751e8b465ee728b)  -> (artifact id: '9ed35e4d516f2f9016df5a942eb2e23a') in 0.035872 seconds 
========================================================================
Received Import Request.
  Time since last request: 6.692595 seconds.
  path: Assets/Models/large/hk.fbx
  artifactKey: Guid(46cced68114009047865fbeb970802df) Importer(815301076,1909f56bfc062723c751e8b465ee728b)
Start importing Assets/Models/large/hk.fbx using Guid(46cced68114009047865fbeb970802df) Importer(815301076,1909f56bfc062723c751e8b465ee728b)  -> (artifact id: '767af4deeeef1fc1bd1db9b172ba51d8') in 2.955777 seconds 
========================================================================
Received Import Request.
  Time since last request: 26.188984 seconds.
  path: Assets/Models/large/hk.fbx
  artifactKey: Guid(46cced68114009047865fbeb970802df) Importer(815301076,1909f56bfc062723c751e8b465ee728b)
Start importing Assets/Models/large/hk.fbx using Guid(46cced68114009047865fbeb970802df) Importer(815301076,1909f56bfc062723c751e8b465ee728b)  -> (artifact id: 'f68a4ea0f0999ad5331dc8a912ea09dd') in 1.169670 seconds 
========================================================================
Received Import Request.
  Time since last request: 24.465333 seconds.
  path: Assets/Models/large/hk.fbx
  artifactKey: Guid(46cced68114009047865fbeb970802df) Importer(815301076,1909f56bfc062723c751e8b465ee728b)
Start importing Assets/Models/large/hk.fbx using Guid(46cced68114009047865fbeb970802df) Importer(815301076,1909f56bfc062723c751e8b465ee728b)  -> (artifact id: '7b165c2efa7fd6ba8fd5a7f4ad0e385f') in 1.118549 seconds 
========================================================================
Received Import Request.
  Time since last request: 4.913571 seconds.
  path: Assets/Models/large/Mutant Jumping.fbx
  artifactKey: Guid(d7af8c3f37fe27e46b22c7b9bd9dd6dd) Importer(815301076,1909f56bfc062723c751e8b465ee728b)
Start importing Assets/Models/large/Mutant Jumping.fbx using Guid(d7af8c3f37fe27e46b22c7b9bd9dd6dd) Importer(815301076,1909f56bfc062723c751e8b465ee728b)  -> (artifact id: '0e12e926954f86000a07d3def99f24b8') in 0.091576 seconds 
========================================================================
Received Import Request.
  Time since last request: 29.973315 seconds.
  path: Assets/Models/large/Mutant Punch.fbx
  artifactKey: Guid(45a5d1151f4eb954896db0bc2811cefe) Importer(815301076,1909f56bfc062723c751e8b465ee728b)
Start importing Assets/Models/large/Mutant Punch.fbx using Guid(45a5d1151f4eb954896db0bc2811cefe) Importer(815301076,1909f56bfc062723c751e8b465ee728b)  -> (artifact id: '433dffa26eaf6811bdfa3be41734a89e') in 0.089452 seconds 
========================================================================
Received Import Request.
  Time since last request: 6.086496 seconds.
  path: Assets/Models/large/Mutant Run.fbx
  artifactKey: Guid(0e2f0e6af74261241bcba8d1f743f9c6) Importer(815301076,1909f56bfc062723c751e8b465ee728b)
Start importing Assets/Models/large/Mutant Run.fbx using Guid(0e2f0e6af74261241bcba8d1f743f9c6) Importer(815301076,1909f56bfc062723c751e8b465ee728b)  -> (artifact id: '9abe13d0544901ce2c7f4a4e3b8dd3ea') in 0.089231 seconds 
========================================================================
Received Import Request.
  Time since last request: 1.848629 seconds.
  path: Assets/Models/large/Mutant Swiping.fbx
  artifactKey: Guid(4569bc09f5ae6504382d7b826694fdf3) Importer(815301076,1909f56bfc062723c751e8b465ee728b)
Start importing Assets/Models/large/Mutant Swiping.fbx using Guid(4569bc09f5ae6504382d7b826694fdf3) Importer(815301076,1909f56bfc062723c751e8b465ee728b)  -> (artifact id: '4ea05a8a099e1707092eb5c682f0a0fe') in 0.076749 seconds 
========================================================================
Received Import Request.
  Time since last request: 0.438480 seconds.
  path: Assets/Models/large/Mutant Walking.fbx
  artifactKey: Guid(ecad34d84b52ed24681d56465a75c4e3) Importer(815301076,1909f56bfc062723c751e8b465ee728b)
Start importing Assets/Models/large/Mutant Walking.fbx using Guid(ecad34d84b52ed24681d56465a75c4e3) Importer(815301076,1909f56bfc062723c751e8b465ee728b)  -> (artifact id: 'b722b1bcf8d4b0f8688953c2d45ca1b8') in 0.084814 seconds 
========================================================================
Received Import Request.
  Time since last request: 12.101960 seconds.
  path: Assets/Models/large/untitled@Mutant Idle.fbx
  artifactKey: Guid(160c360975cd1e34fb08b46fa63fc8f8) Importer(815301076,1909f56bfc062723c751e8b465ee728b)
Start importing Assets/Models/large/untitled@Mutant Idle.fbx using Guid(160c360975cd1e34fb08b46fa63fc8f8) Importer(815301076,1909f56bfc062723c751e8b465ee728b)  -> (artifact id: 'b61128c2b99f6054b7bc0726422dd048') in 0.071540 seconds 
========================================================================
Received Import Request.
  Time since last request: 21.793766 seconds.
  path: Assets/Models/large/hk.fbx
  artifactKey: Guid(46cced68114009047865fbeb970802df) Importer(815301076,1909f56bfc062723c751e8b465ee728b)
Start importing Assets/Models/large/hk.fbx using Guid(46cced68114009047865fbeb970802df) Importer(815301076,1909f56bfc062723c751e8b465ee728b)  -> (artifact id: 'e28dd8c5e57cd07f4824e87e173593bd') in 1.162864 seconds 
========================================================================
Received Import Request.
  Time since last request: 16.279160 seconds.
  path: Assets/Models/large/hk.fbx
  artifactKey: Guid(46cced68114009047865fbeb970802df) Importer(815301076,1909f56bfc062723c751e8b465ee728b)
Start importing Assets/Models/large/hk.fbx using Guid(46cced68114009047865fbeb970802df) Importer(815301076,1909f56bfc062723c751e8b465ee728b)  -> (artifact id: '860b9211bffd93b64e619b6f4fa3ef50') in 1.080561 seconds 
========================================================================
Received Import Request.
  Time since last request: 372.918136 seconds.
  path: Assets/Models/large/hk.fbx
  artifactKey: Guid(46cced68114009047865fbeb970802df) Importer(815301076,1909f56bfc062723c751e8b465ee728b)
Start importing Assets/Models/large/hk.fbx using Guid(46cced68114009047865fbeb970802df) Importer(815301076,1909f56bfc062723c751e8b465ee728b)  -> (artifact id: '2e1dd5db4ed50f9863453a76bedc9d73') in 0.809292 seconds 
========================================================================
Received Import Request.
  Time since last request: 275.632725 seconds.
  path: Assets/Models/large/untitled (1).fbx
  artifactKey: Guid(82d1f51c48c63eb4db7ca2da625505c9) Importer(815301076,1909f56bfc062723c751e8b465ee728b)
Start importing Assets/Models/large/untitled (1).fbx using Guid(82d1f51c48c63eb4db7ca2da625505c9) Importer(815301076,1909f56bfc062723c751e8b465ee728b)  -> (artifact id: 'e182c9eb5e8c8240bdf2aa7149f89500') in 8.624507 seconds 
========================================================================
Received Import Request.
  Time since last request: 7.833498 seconds.
  path: Assets/Models/large/untitled (1).fbx
  artifactKey: Guid(82d1f51c48c63eb4db7ca2da625505c9) Importer(815301076,1909f56bfc062723c751e8b465ee728b)
Start importing Assets/Models/large/untitled (1).fbx using Guid(82d1f51c48c63eb4db7ca2da625505c9) Importer(815301076,1909f56bfc062723c751e8b465ee728b)  -> (artifact id: 'b2d7ccd010024d910477afe04a81c353') in 7.259539 seconds 
========================================================================
Received Import Request.
  Time since last request: 5.129151 seconds.
  path: Assets/Models/large/untitled (1).fbx
  artifactKey: Guid(82d1f51c48c63eb4db7ca2da625505c9) Importer(815301076,1909f56bfc062723c751e8b465ee728b)
Start importing Assets/Models/large/untitled (1).fbx using Guid(82d1f51c48c63eb4db7ca2da625505c9) Importer(815301076,1909f56bfc062723c751e8b465ee728b)  -> (artifact id: '4b2e4da8b69defaf64c9bd9d2a85d1cc') in 4.039540 seconds 
========================================================================
Received Import Request.
  Time since last request: 2.661797 seconds.
  path: Assets/Models/large/untitled (1).fbx
  artifactKey: Guid(82d1f51c48c63eb4db7ca2da625505c9) Importer(815301076,1909f56bfc062723c751e8b465ee728b)
Start importing Assets/Models/large/untitled (1).fbx using Guid(82d1f51c48c63eb4db7ca2da625505c9) Importer(815301076,1909f56bfc062723c751e8b465ee728b)  -> (artifact id: '3b9352fd736f5f2b40b0e1cdb6d77213') in 3.199417 seconds 
========================================================================
Received Import Request.
  Time since last request: 2.665749 seconds.
  path: Assets/Models/large/untitled (1).fbx
  artifactKey: Guid(82d1f51c48c63eb4db7ca2da625505c9) Importer(815301076,1909f56bfc062723c751e8b465ee728b)
Start importing Assets/Models/large/untitled (1).fbx using Guid(82d1f51c48c63eb4db7ca2da625505c9) Importer(815301076,1909f56bfc062723c751e8b465ee728b)  -> (artifact id: 'c6126c5b29cc0309874028e73c2d9abb') in 2.169334 seconds 
